[    0.000000] Linux version 4.15.0-117-generic (buildd@lcy01-amd64-008) (gcc version 7.5.0 (Ubuntu 7.5.0-3ubuntu1~18.04)) #118-Ubuntu SMP Fri Sep 4 20:02:41 UTC 2020 (Ubuntu 4.15.0-117.118-generic 4.15.18)
[    0.000000] Command line: BOOT_IMAGE=/boot/vmlinuz-4.15.0-117-generic root=LABEL=cloudimg-rootfs ro console=tty1 console=ttyS0
[    0.000000] KERNEL supported cpus:
[    0.000000]   Intel GenuineIntel
[    0.000000]   AMD AuthenticAMD
[    0.000000]   Centaur CentaurHauls
[    0.000000] x86/fpu: x87 FPU will use FXSAVE
[    0.000000] e820: BIOS-provided physical RAM map:
[    0.000000] BIOS-e820: [mem 0x0000000000000000-0x000000000009fbff] usable
[    0.000000] BIOS-e820: [mem 0x000000000009fc00-0x000000000009ffff] reserved
[    0.000000] BIOS-e820: [mem 0x00000000000f0000-0x00000000000fffff] reserved
[    0.000000] BIOS-e820: [mem 0x0000000000100000-0x000000003ffeffff] usable
[    0.000000] BIOS-e820: [mem 0x000000003fff0000-0x000000003fffffff] ACPI data
[    0.000000] BIOS-e820: [mem 0x00000000fec00000-0x00000000fec00fff] reserved
[    0.000000] BIOS-e820: [mem 0x00000000fee00000-0x00000000fee00fff] reserved
[    0.000000] BIOS-e820: [mem 0x00000000fffc0000-0x00000000ffffffff] reserved
[    0.000000] NX (Execute Disable) protection: active
[    0.000000] SMBIOS 2.5 present.
[    0.000000] DMI: innotek GmbH VirtualBox/VirtualBox, BIOS VirtualBox 12/01/2006
[    0.000000] Hypervisor detected: KVM
[    0.000000] e820: last_pfn = 0x3fff0 max_arch_pfn = 0x400000000
[    0.000000] MTRR: Disabled
[    0.000000] x86/PAT: MTRRs disabled, skipping PAT initialization too.
[    0.000000] CPU MTRRs all blank - virtualized system.
[    0.000000] x86/PAT: Configuration [0-7]: WB  WT  UC- UC  WB  WT  UC- UC  
[    0.000000] found SMP MP-table at [mem 0x0009fff0-0x0009ffff]
[    0.000000] Scanning 1 areas for low memory corruption
[    0.000000] RAMDISK: [mem 0x35a65000-0x36d29fff]
[    0.000000] ACPI: Early table checksum verification disabled
[    0.000000] ACPI: RSDP 0x00000000000E0000 000024 (v02 VBOX  )
[    0.000000] ACPI: XSDT 0x000000003FFF0030 00003C (v01 VBOX   VBOXXSDT 00000001 ASL  00000061)
[    0.000000] ACPI: FACP 0x000000003FFF00F0 0000F4 (v04 VBOX   VBOXFACP 00000001 ASL  00000061)
[    0.000000] ACPI: DSDT 0x000000003FFF0470 002325 (v02 VBOX   VBOXBIOS 00000002 INTL 20100528)
[    0.000000] ACPI: FACS 0x000000003FFF0200 000040
[    0.000000] ACPI: FACS 0x000000003FFF0200 000040
[    0.000000] ACPI: APIC 0x000000003FFF0240 00005C (v02 VBOX   VBOXAPIC 00000001 ASL  00000061)
[    0.000000] ACPI: SSDT 0x000000003FFF02A0 0001CC (v01 VBOX   VBOXCPUT 00000002 INTL 20100528)
[    0.000000] No NUMA configuration found
[    0.000000] Faking a node at [mem 0x0000000000000000-0x000000003ffeffff]
[    0.000000] NODE_DATA(0) allocated [mem 0x3ffc5000-0x3ffeffff]
[    0.000000] kvm-clock: cpu 0, msr 0:3ff44001, primary cpu clock
[    0.000000] kvm-clock: Using msrs 4b564d01 and 4b564d00
[    0.000000] kvm-clock: using sched offset of 5832971905 cycles
[    0.000000] clocksource: kvm-clock: mask: 0xffffffffffffffff max_cycles: 0x1cd42e4dffb, max_idle_ns: 881590591483 ns
[    0.000000] Zone ranges:
[    0.000000]   DMA      [mem 0x0000000000001000-0x0000000000ffffff]
[    0.000000]   DMA32    [mem 0x0000000001000000-0x000000003ffeffff]
[    0.000000]   Normal   empty
[    0.000000]   Device   empty
[    0.000000] Movable zone start for each node
[    0.000000] Early memory node ranges
[    0.000000]   node   0: [mem 0x0000000000001000-0x000000000009efff]
[    0.000000]   node   0: [mem 0x0000000000100000-0x000000003ffeffff]
[    0.000000] Reserved but unavailable: 98 pages
[    0.000000] Initmem setup node 0 [mem 0x0000000000001000-0x000000003ffeffff]
[    0.000000] ACPI: PM-Timer IO Port: 0x4008
[    0.000000] IOAPIC[0]: apic_id 2, version 32, address 0xfec00000, GSI 0-23
[    0.000000] ACPI: INT_SRC_OVR (bus 0 bus_irq 0 global_irq 2 dfl dfl)
[    0.000000] ACPI: INT_SRC_OVR (bus 0 bus_irq 9 global_irq 9 low level)
[    0.000000] Using ACPI (MADT) for SMP configuration information
[    0.000000] smpboot: Allowing 2 CPUs, 0 hotplug CPUs
[    0.000000] PM: Registered nosave memory: [mem 0x00000000-0x00000fff]
[    0.000000] PM: Registered nosave memory: [mem 0x0009f000-0x0009ffff]
[    0.000000] PM: Registered nosave memory: [mem 0x000a0000-0x000effff]
[    0.000000] PM: Registered nosave memory: [mem 0x000f0000-0x000fffff]
[    0.000000] e820: [mem 0x40000000-0xfebfffff] available for PCI devices
[    0.000000] Booting paravirtualized kernel on KVM
[    0.000000] clocksource: refined-jiffies: mask: 0xffffffff max_cycles: 0xffffffff, max_idle_ns: 7645519600211568 ns
[    0.000000] random: get_random_bytes called from start_kernel+0x99/0x500 with crng_init=0
[    0.000000] setup_percpu: NR_CPUS:8192 nr_cpumask_bits:2 nr_cpu_ids:2 nr_node_ids:1
[    0.000000] percpu: Embedded 45 pages/cpu s147456 r8192 d28672 u1048576
[    0.000000] PV qspinlock hash table entries: 256 (order: 0, 4096 bytes)
[    0.000000] Built 1 zonelists, mobility grouping on.  Total pages: 257913
[    0.000000] Policy zone: DMA32
[    0.000000] Kernel command line: BOOT_IMAGE=/boot/vmlinuz-4.15.0-117-generic root=LABEL=cloudimg-rootfs ro console=tty1 console=ttyS0
[    0.000000] Memory: 983028K/1048120K available (12300K kernel code, 2481K rwdata, 4272K rodata, 2436K init, 2724K bss, 65092K reserved, 0K cma-reserved)
[    0.000000] SLUB: HWalign=64, Order=0-3, MinObjects=0, CPUs=2, Nodes=1
[    0.000000] Kernel/User page tables isolation: enabled
[    0.000000] ftrace: allocating 39392 entries in 154 pages
[    0.004000] Hierarchical RCU implementation.
[    0.004000] 	RCU restricting CPUs from NR_CPUS=8192 to nr_cpu_ids=2.
[    0.004000] 	Tasks RCU enabled.
[    0.004000] RCU: Adjusting geometry for rcu_fanout_leaf=16, nr_cpu_ids=2
[    0.004000] NR_IRQS: 524544, nr_irqs: 440, preallocated irqs: 16
[    0.004000] Console: colour VGA+ 80x25
[    0.004000] console [tty1] enabled
[    0.004000] console [ttyS0] enabled
[    0.004000] ACPI: Core revision 20170831
[    0.004000] ACPI: 2 ACPI AML tables successfully acquired and loaded
[    0.004000] APIC: Switch to symmetric I/O mode setup
[    0.004000] ..TIMER: vector=0x30 apic1=0 pin1=2 apic2=-1 pin2=-1
[    0.004000] tsc: Detected 2495.998 MHz processor
[    0.004000] Calibrating delay loop (skipped) preset value.. 4991.99 BogoMIPS (lpj=9983992)
[    0.004000] pid_max: default: 32768 minimum: 301
[    0.004100] Security Framework initialized
[    0.008005] Yama: becoming mindful.
[    0.012138] AppArmor: AppArmor initialized
[    0.025516] Dentry cache hash table entries: 131072 (order: 8, 1048576 bytes)
[    0.033912] Inode-cache hash table entries: 65536 (order: 7, 524288 bytes)
[    0.036141] Mount-cache hash table entries: 2048 (order: 2, 16384 bytes)
[    0.040098] Mountpoint-cache hash table entries: 2048 (order: 2, 16384 bytes)
[    0.045610] Last level iTLB entries: 4KB 64, 2MB 8, 4MB 8
[    0.048004] Last level dTLB entries: 4KB 64, 2MB 0, 4MB 0, 1GB 4
[    0.052005] Spectre V1 : Mitigation: usercopy/swapgs barriers and __user pointer sanitization
[    0.056004] Spectre V2 : Mitigation: Full generic retpoline
[    0.060003] Spectre V2 : Spectre v2 / SpectreRSB mitigation: Filling RSB on context switch
[    0.064003] Speculative Store Bypass: Vulnerable
[    0.068047] MDS: Mitigation: Clear CPU buffers
[    0.072180] Freeing SMP alternatives memory: 36K
[    0.189245] smpboot: CPU0: Intel(R) Core(TM) i5-6300U CPU @ 2.40GHz (family: 0x6, model: 0x4e, stepping: 0x3)
[    0.196616] Performance Events: unsupported p6 CPU model 78 no PMU driver, software events only.
[    0.204081] Hierarchical SRCU implementation.
[    0.209187] NMI watchdog: Perf event create on CPU 0 failed with -2
[    0.212006] NMI watchdog: Perf NMI watchdog permanently disabled
[    0.216508] smp: Bringing up secondary CPUs ...
[    0.221479] x86: Booting SMP configuration:
[    0.224004] .... node  #0, CPUs:      #1
[    0.004000] kvm-clock: cpu 1, msr 0:3ff44041, secondary cpu clock
[    0.235628] TSC synchronization [CPU#0 -> CPU#1]:
[    0.236000] Measured 163167 cycles TSC warp between CPUs, turning off TSC clock.
[    0.236000] tsc: Marking TSC unstable due to check_tsc_sync_source failed
[    0.236383] smp: Brought up 1 node, 2 CPUs
[    0.240016] smpboot: Max logical packages: 1
[    0.244008] smpboot: Total of 2 processors activated (9983.99 BogoMIPS)
[    0.252784] devtmpfs: initialized
[    0.256234] x86/mm: Memory block size: 128MB
[    0.260560] evm: security.selinux
[    0.264005] evm: security.SMACK64
[    0.268004] evm: security.SMACK64EXEC
[    0.272003] evm: security.SMACK64TRANSMUTE
[    0.276002] evm: security.SMACK64MMAP
[    0.280003] evm: security.apparmor
[    0.284015] evm: security.ima
[    0.288005] evm: security.capability
[    0.296274] clocksource: jiffies: mask: 0xffffffff max_cycles: 0xffffffff, max_idle_ns: 7645041785100000 ns
[    0.300052] futex hash table entries: 512 (order: 3, 32768 bytes)
[    0.304633] pinctrl core: initialized pinctrl subsystem
[    0.308489] RTC time: 16:05:30, date: 09/13/20
[    0.317464] NET: Registered protocol family 16
[    0.320161] audit: initializing netlink subsys (disabled)
[    0.324301] audit: type=2000 audit(1600013136.386:1): state=initialized audit_enabled=0 res=1
[    0.340009] cpuidle: using governor ladder
[    0.344012] cpuidle: using governor menu
[    0.348078] ACPI: bus type PCI registered
[    0.352006] acpiphp: ACPI Hot Plug PCI Controller Driver version: 0.5
[    0.356671] PCI: Using configuration type 1 for base access
[    0.368171] HugeTLB registered 2.00 MiB page size, pre-allocated 0 pages
[    0.380665] ACPI: Added _OSI(Module Device)
[    0.384006] ACPI: Added _OSI(Processor Device)
[    0.388005] ACPI: Added _OSI(3.0 _SCP Extensions)
[    0.392004] ACPI: Added _OSI(Processor Aggregator Device)
[    0.396006] ACPI: Added _OSI(Linux-Dell-Video)
[    0.400008] ACPI: Added _OSI(Linux-Lenovo-NV-HDMI-Audio)
[    0.404030] ACPI: Added _OSI(Linux-HPI-Hybrid-Graphics)
[    0.412167] ACPI: Executed 1 blocks of module-level executable AML code
[    0.425690] ACPI: Interpreter enabled
[    0.428017] ACPI: (supports S0 S5)
[    0.432006] ACPI: Using IOAPIC for interrupt routing
[    0.436435] PCI: Using host bridge windows from ACPI; if necessary, use "pci=nocrs" and report a bug
[    0.440257] ACPI: Enabled 2 GPEs in block 00 to 07
[    0.457946] ACPI: PCI Root Bridge [PCI0] (domain 0000 [bus 00-ff])
[    0.460017] acpi PNP0A03:00: _OSC: OS supports [ASPM ClockPM Segments MSI]
[    0.464920] acpi PNP0A03:00: _OSC: not requesting OS control; OS requires [ExtendedConfig ASPM ClockPM MSI]
[    0.468020] acpi PNP0A03:00: fail to add MMCONFIG information, can't access extended PCI configuration space under this bridge.
[    0.472788] PCI host bridge to bus 0000:00
[    0.476006] pci_bus 0000:00: root bus resource [io  0x0000-0x0cf7 window]
[    0.480007] pci_bus 0000:00: root bus resource [io  0x0d00-0xffff window]
[    0.484006] pci_bus 0000:00: root bus resource [mem 0x000a0000-0x000bffff window]
[    0.488006] pci_bus 0000:00: root bus resource [mem 0x40000000-0xfdffffff window]
[    0.492010] pci_bus 0000:00: root bus resource [bus 00-ff]
[    0.504975] pci 0000:00:01.1: legacy IDE quirk: reg 0x10: [io  0x01f0-0x01f7]
[    0.508008] pci 0000:00:01.1: legacy IDE quirk: reg 0x14: [io  0x03f6]
[    0.512015] pci 0000:00:01.1: legacy IDE quirk: reg 0x18: [io  0x0170-0x0177]
[    0.516009] pci 0000:00:01.1: legacy IDE quirk: reg 0x1c: [io  0x0376]
[    0.594084] pci 0000:00:07.0: quirk: [io  0x4000-0x403f] claimed by PIIX4 ACPI
[    0.596035] pci 0000:00:07.0: quirk: [io  0x4100-0x410f] claimed by PIIX4 SMB
[    0.617365] ACPI: PCI Interrupt Link [LNKA] (IRQs 5 9 10 *11)
[    0.620608] ACPI: PCI Interrupt Link [LNKB] (IRQs 5 9 *10 11)
[    0.624291] ACPI: PCI Interrupt Link [LNKC] (IRQs 5 *9 10 11)
[    0.628211] ACPI: PCI Interrupt Link [LNKD] (IRQs 5 9 10 *11)
[    0.633304] SCSI subsystem initialized
[    0.640312] pci 0000:00:02.0: vgaarb: setting as boot VGA device
[    0.644000] pci 0000:00:02.0: vgaarb: VGA device added: decodes=io+mem,owns=io+mem,locks=none
[    0.644010] pci 0000:00:02.0: vgaarb: bridge control possible
[    0.648007] vgaarb: loaded
[    0.652097] ACPI: bus type USB registered
[    0.656065] usbcore: registered new interface driver usbfs
[    0.660022] usbcore: registered new interface driver hub
[    0.664200] usbcore: registered new device driver usb
[    0.668681] EDAC MC: Ver: 3.0.0
[    0.676638] PCI: Using ACPI for IRQ routing
[    0.680821] NetLabel: Initializing
[    0.684003] NetLabel:  domain hash size = 128
[    0.688003] NetLabel:  protocols = UNLABELED CIPSOv4 CALIPSO
[    0.692058] NetLabel:  unlabeled traffic allowed by default
[    0.700674] clocksource: Switched to clocksource kvm-clock
[    0.775361] VFS: Disk quotas dquot_6.6.0
[    0.781259] VFS: Dquot-cache hash table entries: 512 (order 0, 4096 bytes)
[    0.785120] AppArmor: AppArmor Filesystem Enabled
[    0.785120] pnp: PnP ACPI init
[    0.785120] pnp: PnP ACPI: found 3 devices
[    0.871817] clocksource: acpi_pm: mask: 0xffffff max_cycles: 0xffffff, max_idle_ns: 2085701024 ns
[    0.872648] NET: Registered protocol family 2
[    0.888354] TCP established hash table entries: 8192 (order: 4, 65536 bytes)
[    0.899060] TCP bind hash table entries: 8192 (order: 5, 131072 bytes)
[    0.902673] TCP: Hash tables configured (established 8192 bind 8192)
[    0.902673] UDP hash table entries: 512 (order: 2, 16384 bytes)
[    0.902673] UDP-Lite hash table entries: 512 (order: 2, 16384 bytes)
[    0.902673] NET: Registered protocol family 1
[    0.902673] pci 0000:00:00.0: Limiting direct PCI/PCI transfers
[    0.902673] pci 0000:00:01.0: Activating ISA DMA hang workarounds
[    0.902673] pci 0000:00:02.0: Video device with shadowed ROM at [mem 0x000c0000-0x000dffff]
[    0.902673] Unpacking initramfs...
[    1.715512] Freeing initrd memory: 19220K
[    1.721440] clocksource: tsc: mask: 0xffffffffffffffff max_cycles: 0x23fa754787d, max_idle_ns: 440795210092 ns
[    1.734317] platform rtc_cmos: registered platform RTC device (no PNP device found)
[    1.743122] Scanning for low memory corruption every 60 seconds
[    1.754085] Initialise system trusted keyrings
[    1.760199] Key type blacklist registered
[    1.766247] workingset: timestamp_bits=36 max_order=18 bucket_order=0
[    1.777893] zbud: loaded
[    1.783718] squashfs: version 4.0 (2009/01/31) Phillip Lougher
[    1.792817] fuse init (API version 7.26)
[    1.833720] Key type asymmetric registered
[    1.839271] Asymmetric key parser 'x509' registered
[    1.846384] Block layer SCSI generic (bsg) driver version 0.4 loaded (major 246)
[    1.857106] io scheduler noop registered
[    1.862412] io scheduler deadline registered
[    1.868462] io scheduler cfq registered (default)
[    1.874915] ACPI: AC Adapter [AC] (on-line)
[    1.880917] input: Power Button as /devices/LNXSYSTM:00/LNXPWRBN:00/input/input0
[    1.889068] ACPI: Power Button [PWRF]
[    1.894348] input: Sleep Button as /devices/LNXSYSTM:00/LNXSLPBN:00/input/input1
[    1.902864] ACPI: Sleep Button [SLPF]
[    1.908785] Serial: 8250/16550 driver, 32 ports, IRQ sharing enabled
[    1.910934] ACPI: Battery Slot [BAT0] (battery present)
[    1.952944] 00:02: ttyS0 at I/O 0x3f8 (irq = 4, base_baud = 115200) is a 16550A
[    1.966985] Linux agpgart interface v0.103
[    1.978720] loop: module loaded
[    1.986733] scsi host0: ata_piix
[    1.991910] scsi host1: ata_piix
[    1.996897] ata1: PATA max UDMA/33 cmd 0x1f0 ctl 0x3f6 bmdma 0xd000 irq 14
[    2.003665] ata2: PATA max UDMA/33 cmd 0x170 ctl 0x376 bmdma 0xd008 irq 15
[    2.012905] libphy: Fixed MDIO Bus: probed
[    2.017772] tun: Universal TUN/TAP device driver, 1.6
[    2.023181] PPP generic driver version 2.4.2
[    2.030082] ehci_hcd: USB 2.0 'Enhanced' Host Controller (EHCI) Driver
[    2.038804] ehci-pci: EHCI PCI platform driver
[    2.045449] ehci-platform: EHCI generic platform driver
[    2.051189] ohci_hcd: USB 1.1 'Open' Host Controller (OHCI) Driver
[    2.059501] ohci-pci: OHCI PCI platform driver
[    2.066150] ohci-platform: OHCI generic platform driver
[    2.071780] uhci_hcd: USB Universal Host Controller Interface driver
[    2.079991] i8042: PNP: PS/2 Controller [PNP0303:PS2K,PNP0f03:PS2M] at 0x60,0x64 irq 1,12
[    2.094395] serio: i8042 KBD port at 0x60,0x64 irq 1
[    2.101003] serio: i8042 AUX port at 0x60,0x64 irq 12
[    2.106355] mousedev: PS/2 mouse device common for all mice
[    2.115963] input: AT Translated Set 2 keyboard as /devices/platform/i8042/serio0/input/input2
[    2.128736] rtc_cmos rtc_cmos: rtc core: registered rtc_cmos as rtc0
[    2.138240] rtc_cmos rtc_cmos: alarms up to one day, 114 bytes nvram
[    2.146690] i2c /dev entries driver
[    2.151864] device-mapper: uevent: version 1.0.3
[    2.158811] device-mapper: ioctl: 4.37.0-ioctl (2017-09-20) initialised: dm-devel@redhat.com
[    2.170392] ledtrig-cpu: registered to indicate activity on CPUs
[    2.180810] NET: Registered protocol family 10
[    2.262566] Segment Routing with IPv6
[    2.268421] NET: Registered protocol family 17
[    2.274990] Key type dns_resolver registered
[    2.282157] mce: Using 0 MCE banks
[    2.286274] RAS: Correctable Errors collector initialized.
[    2.294309] sched_clock: Marking stable (2294212722, 0)->(3654011689, -1359798967)
[    2.311060] registered taskstats version 1
[    2.317386] Loading compiled-in X.509 certificates
[    2.329801] Loaded X.509 cert 'Build time autogenerated kernel key: 993aedfcb7091aab7364eeb95e85a8dab512d887'
[    2.343072] zswap: loaded using pool lzo/zbud
[    2.365416] Key type big_key registered
[    2.370377] Key type trusted registered
[    2.381565] Key type encrypted registered
[    2.387374] AppArmor: AppArmor sha1 policy hashing enabled
[    2.395299] ima: No TPM chip found, activating TPM-bypass! (rc=-19)
[    2.404891] ima: Allocated hash algorithm: sha1
[    2.409881] evm: HMAC attrs: 0x1
[    2.414415]   Magic number: 4:206:85
[    2.419175] rtc_cmos rtc_cmos: setting system clock to 2020-09-13 16:05:32 UTC (1600013132)
[    2.430043] BIOS EDD facility v0.16 2004-Jun-25, 0 devices found
[    2.438424] EDD information not available.
[    2.448433] Freeing unused kernel image memory: 2436K
[    2.477044] Write protecting the kernel read-only data: 20480k
[    2.486654] Freeing unused kernel image memory: 2008K
[    2.494471] Freeing unused kernel image memory: 1872K
[    2.508784] x86/mm: Checked W+X mappings: passed, no W+X pages found.
[    2.517998] x86/mm: Checking user space page tables
[    2.530466] x86/mm: Checked W+X mappings: passed, no W+X pages found.
Loading, please wait...
starting version 237
[    2.676488] e1000: Intel(R) PRO/1000 Network Driver - version 7.3.21-k8-NAPI
[    2.683753] e1000: Copyright (c) 1999-2006 Intel Corporation.
[    2.741469] Fusion MPT base driver 3.04.20
[    2.747649] Copyright (c) 1999-2008 LSI Corporation
[    2.825488] Fusion MPT SPI Host driver 3.04.20
[    3.005369] input: ImExPS/2 Generic Explorer Mouse as /devices/platform/i8042/serio1/input/input4
[    3.604490] e1000 0000:00:03.0 eth0: (PCI:33MHz:32-bit) 02:aa:c1:7f:62:79
[    3.612513] e1000 0000:00:03.0 eth0: Intel(R) PRO/1000 Network Connection
[    4.424649] e1000 0000:00:08.0 eth1: (PCI:33MHz:32-bit) 08:00:27:b9:4f:52
[    4.433264] e1000 0000:00:08.0 eth1: Intel(R) PRO/1000 Network Connection
[    4.443361] mptbase: ioc0: Initiating bringup
[    4.680226] ioc0: LSI53C1030 A0: Capabilities={Initiator}
[    5.842351] scsi host2: ioc0: LSI53C1030 A0, FwRev=00000000h, Ports=1, MaxQ=256, IRQ=20
[    6.508787] scsi 2:0:0:0: Direct-Access     VBOX     HARDDISK         1.0  PQ: 0 ANSI: 5
[    6.564266] scsi target2:0:0: Beginning Domain Validation
[    6.578435] scsi target2:0:0: Domain Validation skipping write tests
[    6.585331] scsi target2:0:0: Ending Domain Validation
[    6.591007] scsi target2:0:0: asynchronous
[    6.598626] scsi 2:0:1:0: Direct-Access     VBOX     HARDDISK         1.0  PQ: 0 ANSI: 5
[    7.024289] scsi target2:0:1: Beginning Domain Validation
[    7.033433] random: fast init done
[    7.045784] scsi target2:0:1: Domain Validation skipping write tests
[    7.053377] scsi target2:0:1: Ending Domain Validation
[    7.066291] scsi target2:0:1: asynchronous
[    7.089372] sd 2:0:0:0: Attached scsi generic sg0 type 0
[    7.092894] random: systemd-udevd: uninitialized urandom read (16 bytes read)
[    7.096717] sd 2:0:1:0: Attached scsi generic sg1 type 0
[    7.117429] random: systemd-udevd: uninitialized urandom read (16 bytes read)
[    7.127394] sd 2:0:0:0: [sda] 20971520 512-byte logical blocks: (10.7 GB/10.0 GiB)
[    7.138896] sd 2:0:1:0: [sdb] 20480 512-byte logical blocks: (10.5 MB/10.0 MiB)
[    7.150018] sd 2:0:0:0: [sda] Write Protect is off
[    7.157175] sd 2:0:0:0: [sda] Incomplete mode parameter data
[    7.164390] sd 2:0:0:0: [sda] Assuming drive cache: write through
[    7.172384] sd 2:0:1:0: [sdb] Write Protect is off
[    7.177833] random: systemd-udevd: uninitialized urandom read (16 bytes read)
[    7.188481] sd 2:0:1:0: [sdb] Incomplete mode parameter data
[    7.195730] sd 2:0:1:0: [sdb] Assuming drive cache: write through
[    7.215485]  sda: sda1
[    7.224804] sd 2:0:0:0: [sda] Attached SCSI disk
[    7.235784] sd 2:0:1:0: [sdb] Attached SCSI disk
[    7.441561] e1000 0000:00:09.0 eth2: (PCI:33MHz:32-bit) 08:00:27:5f:6a:14
[    7.449782] e1000 0000:00:09.0 eth2: Intel(R) PRO/1000 Network Connection
[    7.459529] e1000 0000:00:03.0 enp0s3: renamed from eth0
[    9.901649] e1000 0000:00:08.0 enp0s8: renamed from eth1
[    9.920966] e1000 0000:00:09.0 enp0s9: renamed from eth2
Begin: Loading essential drivers ... [   15.308928] raid6: sse2x1   gen()  9007 MB/s
[   15.360504] raid6: sse2x1   xor()  5598 MB/s
[   15.412283] raid6: sse2x2   gen()  9057 MB/s
[   15.464240] raid6: sse2x2   xor()  6711 MB/s
[   15.516840] raid6: sse2x4   gen() 10985 MB/s
[   15.568473] raid6: sse2x4   xor()  7402 MB/s
[   15.573117] raid6: using algorithm sse2x4 gen() 10985 MB/s
[   15.579875] raid6: .... xor() 7402 MB/s, rmw enabled
[   15.586366] raid6: using ssse3x2 recovery algorithm
[   15.595114] xor: measuring software checksum speed
[   15.717127]    prefetch64-sse: 40479.000 MB/sec
[   15.813825]    generic_sse: 38065.000 MB/sec
[   15.818865] xor: using function: prefetch64-sse (40479.000 MB/sec)
[   15.830372] async_tx: api initialized (async)
done.
Begin: Running /scripts/init-premount ... done.
Begin: Mounting root file system ... Begin: Running /scripts/local-top ... done.
Begin: Running /scripts/local-premount ... [   15.937751] Btrfs loaded, crc32c=crc32c-intel
Scanning for Btrfs filesystems
done.
Warning: fsck not present, so skipping root file system
[   16.058041] EXT4-fs (sda1): mounted filesystem with ordered data mode. Opts: (null)
done.
Begin: Running /scripts/local-bottom ... done.
Begin: Running /scripts/init-bottom ... done.
[   16.472406] ip_tables: (C) 2000-2006 Netfilter Core Team
[   16.513310] systemd[1]: systemd 237 running in system mode. (+PAM +AUDIT +SELINUX +IMA +APPARMOR +SMACK +SYSVINIT +UTMP +LIBCRYPTSETUP +GCRYPT +GNUTLS +ACL +XZ +LZ4 +SECCOMP +BLKID +ELFUTILS +KMOD -IDN2 +IDN -PCRE2 default-hierarchy=hybrid)
[   16.538943] systemd[1]: Detected virtualization oracle.
[   16.545988] systemd[1]: Detected architecture x86-64.

Welcome to [1mUbuntu 18.04.5 LTS[0m!

[   16.594454] systemd[1]: Set hostname to <ubuntu>.
[   16.612969] systemd[1]: Initializing machine ID from random generator.
[   16.619901] systemd[1]: Installed transient /etc/machine-id file.
[   17.206011] systemd[1]: Reached target User and Group Name Lookups.
[[0;32m  OK  [0m] Reached target User and Group Name Lookups.
[   17.221613] systemd[1]: Reached target System Time Synchronized.
[[0;32m  OK  [0m] Reached target System Time Synchronized.
[   17.255651] systemd[1]: Created slice System Slice.
[[0;32m  OK  [0m] Created slice System Slice.
[   17.271286] systemd[1]: Listening on Device-mapper event daemon FIFOs.
[[0;32m  OK  [0m] Listening on Device-mapper event daemon FIFOs.
[[0;32m  OK  [0m] Listening on Syslog Socket.
[[0;32m  OK  [0m] Listening on udev Kernel Socket.
[[0;32m  OK  [0m] Created slice system-serial\x2dgetty.slice.
[[0;32m  OK  [0m] Listening on Journal Socket (/dev/log).
[[0;32m  OK  [0m] Listening on LVM2 poll daemon socket.
[[0;32m  OK  [0m] Listening on Journal Socket.
         Mounting Kernel Debug File System...
         Starting Uncomplicated firewall...
[[0;32m  OK  [0m] Listening on Journal Audit Socket.
         Starting Remount Root and Kernel File Systems...
[[0;32m  OK  [0m] Started Forward Password Requests to Wall Direct[   17.364346] EXT4-fs (sda1): re-mounted. Opts: (null)
ory Watch.
[[0;32m  OK  [0m] Set up automount Arbitrary Executab…rmats File System Automount Point.
[[0;32m  OK  [0m] Listening on LVM2 metadata daemon socket.
         Starting Monitoring of LVM2 mirrors…ng dmeventd or progress polling...
         Mounting Huge Pages File System...
         Mounting POSIX Message Queue File System...
[[0;32m  OK  [0m] Listening on udev Control Socket.
         Starting udev Coldplug all Devices...
[[0;32m  OK  [0m] Listening on /dev/initctl Compatibility Named Pipe.
         Starting Create list of required st…ce nodes for the current kernel...
[[0;32m  OK  [0m] Reached target Swap.
         Starting Journal Service...
[[0;32m  OK  [0m] Created slice User and Session Slice.
[[0;32m  OK  [0m] Reached target Slices.
[[0;32m  OK  [0m] Listening on Network Service Netlink Socket.
         Starting Set the console keyboard layout...
         Starting Load Kernel Modules...
[[0;32m  OK  [0m] Mounted Kernel Debug File System.
[[0;32m  OK  [0m] Started Uncomplicated firewall.
[[0;32m  OK  [0m] Started Remount Root and Kernel File Systems.
[[0;32m  OK  [0m] Mounted Huge Pages File System.
[[0;32m  OK  [0m] Mounted POSIX Message Queue File System.
[[0;32m  OK  [0m] Started Create list of required sta…vice nodes for the current kernel.
[[0;32m  OK  [0m] Started LVM2 metadata daemon.
         Starting Create Static Device Nodes in /dev...
         Starting Load/Save Random Seed...
[   17.632041] Loading iSCSI transport class v2.0-870.
[[0;32m  OK  [0m] Started Journal Service.
[[0;32m  OK  [0m] Started udev Coldplug all Devices.
[[0;32m  OK  [0m] Started Create Static Device Nodes in /dev.
         Starting udev Kernel Device Manager...
         Starting Flush Journal to Persistent Storage...
[[0;32m  OK  [0m] Started Monitoring of LVM2 mirrors,…sing dmeventd or progress polling.
[   17.761410] iscsi: registered transport (tcp)
[[0;32m  OK  [0m] Started Load/Save Random Seed.
[   17.791702] systemd-journald[381]: Received request to flush runtime journal from PID 1
[   17.834075] iscsi: registered transport (iser)
[[0;32m  OK  [0m] Started Load Kernel Modules.
         Mounting Kernel Configuration File System...
         Starting Apply Kernel Variables...
         Mounting FUSE Control File System...
[[0;32m  OK  [0m] Mounted Kernel Configuration File System.
[[0;32m  OK  [0m] Mounted FUSE Control File System.
[[0;32m  OK  [0m] Started udev Kernel Device Manager.
[[0;32m  OK  [0m] Started Set the console keyboard layout.
[[0;32m  OK  [0m] Started Dispatch Password Requests to Console Directory Watch.
[[0;32m  OK  [0m] Reached target Local Encrypted Volumes.
[[0;32m  OK  [0m] Reached target Local File Systems (Pre).
[[0;32m  OK  [0m] Reached target Local File Systems.
         Starting Commit a transient machine-id on disk...
         Starting ebtables ruleset management...
         Starting Tell Plymouth To Write Out Runtime Data...
         Starting Set console font and keymap...
         Starting AppArmor initialization...
[[0;32m  OK  [0m] Started Set console font and keymap.
[[0;32m  OK  [0m] Started Tell Plymouth To Write Out Runtime Data.
[[0;32m  OK  [0m] Started Apply Kernel Variables.
[[0;32m  OK  [0m] Started Flush Journal to Persistent Storage.
         Starting Create Volatile Files and Directories...
[[0;32m  OK  [0m] Started Commit a transient machine-id on disk.
[[0;32m  OK  [0m] Started Create Volatile Files and Directories.
         Starting Update UTMP about System Boot/Shutdown...
[[0;32m  OK  [0m] Started Update UTMP about System Boot/Shutdown.
[[0;32m  OK  [0m] Started ebtables ruleset management.
[[0;32m  OK  [0m] Found device /dev/ttyS0.
[[0;32m  OK  [0m] Listening on Load/Save RF Kill Switch Status /dev/rfkill Watch.
[[0;32m  OK  [0m] Started AppArmor initialization.
         Starting Load AppArmor profiles managed internally by snapd...
         Starting Initial cloud-init job (pre-networking)...
[[0;32m  OK  [0m] Started Load AppArmor profiles managed internally by snapd.
[   22.118151] cloud-init[515]: Cloud-init v. 20.2-45-g5f7825e2-0ubuntu1~18.04.1 running 'init-local' at Sun, 13 Sep 2020 16:05:51 +0000. Up 21.48 seconds.
[[0;32m  OK  [0m] Started Initial cloud-init job (pre-networking).
[[0;32m  OK  [0m] Reached target Network (Pre).
         Starting Network Service...
[[0;32m  OK  [0m] Started Network Service.
         Starting Wait for Network to be Configured...
         Starting Network Name Resolution...
[[0;32m  OK  [0m] Started Network Name Resolution.
[[0;32m  OK  [0m] Reached target Network.
[[0;32m  OK  [0m] Reached target Host and Network Name Lookups.
[[0;32m  OK  [0m] Started Wait for Network to be Configured.
         Starting Initial cloud-init job (metadata service crawler)...
[   24.657126] cloud-init[631]: Cloud-init v. 20.2-45-g5f7825e2-0ubuntu1~18.04.1 running 'init' at Sun, 13 Sep 2020 16:05:54 +0000. Up 24.34 seconds.
[   24.665383] cloud-init[631]: ci-info: ++++++++++++++++++++++++++++++++++++++Net device info+++++++++++++++++++++++++++++++++++++++
[   24.673553] cloud-init[631]: ci-info: +--------+-------+----------------------------+---------------+--------+-------------------+
[   24.682363] cloud-init[631]: ci-info: | Device |   Up  |          Address           |      Mask     | Scope  |     Hw-Address    |
[   24.689188] cloud-init[631]: ci-info: +--------+-------+----------------------------+---------------+--------+-------------------+
[   24.696407] cloud-init[631]: ci-info: | enp0s3 |  True |         10.0.2.15          | 255.255.255.0 | global | 02:aa:c1:7f:62:79 |
[   24.702601] cloud-init[631]: ci-info: | enp0s3 |  True | fe80::aa:c1ff:fe7f:6279/64 |       .       |  link  | 02:aa:c1:7f:62:79 |
[   24.709714] cloud-init[631]: ci-info: | enp0s8 | False |             .              |       .       |   .    | 08:00:27:b9:4f:52 |
[   24.717851] cloud-init[631]: ci-info: | enp0s9 | False |             .              |       .       |   .    | 08:00:27:5f:6a:14 |
[   24.725216] cloud-init[631]: ci-info: |   lo   |  True |         127.0.0.1          |   255.0.0.0   |  host  |         .         |
[   24.734295] cloud-init[631]: ci-info: |   lo   |  True |          ::1/128           |       .       |  host  |         .         |
[   24.741646] cloud-init[631]: ci-info: +--------+-------+----------------------------+---------------+--------+-------------------+
[   24.747904] cloud-init[631]: ci-info: ++++++++++++++++++++++++++++Route IPv4 info+++++++++++++++++++++++++++++
[   24.754257] cloud-init[631]: ci-info: +-------+-------------+----------+-----------------+-----------+-------+
[   24.760683] cloud-init[631]: ci-info: | Route | Destination | Gateway  |     Genmask     | Interface | Flags |
[   24.766391] cloud-init[631]: ci-info: +-------+-------------+----------+-----------------+-----------+-------+
[   24.772652] cloud-init[631]: ci-info: |   0   |   0.0.0.0   | 10.0.2.2 |     0.0.0.0     |   enp0s3  |   UG  |
[   24.778374] cloud-init[631]: ci-info: |   1   |   10.0.2.0  | 0.0.0.0  |  255.255.255.0  |   enp0s3  |   U   |
[   24.784036] cloud-init[631]: ci-info: |   2   |   10.0.2.2  | 0.0.0.0  | 255.255.255.255 |   enp0s3  |   UH  |
[   24.790987] cloud-init[631]: ci-info: +-------+-------------+----------+-----------------+-----------+-------+
[   24.796550] cloud-init[631]: ci-info: +++++++++++++++++++Route IPv6 info+++++++++++++++++++
[   24.802621] cloud-init[631]: ci-info: +-------+-------------+---------+-----------+-------+
[   24.808498] cloud-init[631]: ci-info: | Route | Destination | Gateway | Interface | Flags |
[   24.813283] cloud-init[631]: ci-info: +-------+-------------+---------+-----------+-------+
[   24.818189] cloud-init[631]: ci-info: |   1   |  fe80::/64  |    ::   |   enp0s3  |   U   |
[   24.823210] cloud-init[631]: ci-info: |   3   |    local    |    ::   |   enp0s3  |   U   |
[   24.827642] cloud-init[631]: ci-info: |   4   |   ff00::/8  |    ::   |   enp0s3  |   U   |
[   24.832600] cloud-init[631]: ci-info: +-------+-------------+---------+-----------+-------+
[   26.382004] cloud-init[631]: Generating public/private rsa key pair.
[   26.389508] cloud-init[631]: Your identification has been saved in /etc/ssh/ssh_host_rsa_key.
[   26.398608] cloud-init[631]: Your public key has been saved in /etc/ssh/ssh_host_rsa_key.pub.
[   26.408846] cloud-init[631]: The key fingerprint is:
[   26.416746] cloud-init[631]: SHA256:65MFC1Oywo1Zj9Lw+/x382hq879W8i4MdNyGV1kSVFk root@ubuntu-bionic
[   26.427200] cloud-init[631]: The key's randomart image is:
[   26.435749] cloud-init[631]: +---[RSA 2048]----+
[   26.446209] cloud-init[631]: |             .+oE|
[   26.454425] cloud-init[631]: |    . o .      +.|
[   26.462840] cloud-init[631]: |   . O *     . o.|
[   26.470889] cloud-init[631]: |    * O o   . + +|
[   26.478745] [[0;32m  OK  [0m] Started Initial cloud-init job (metadata service crawler).
[[0;32m  OK  [0m] Reached target Network is Online.
cloud-init[631]: |     o +So . . o |
[[0;32m  OK  [0m] Reached target Remote File Systems (Pre).
[[0;32m  OK  [0m] Reached target Remote File Systems.
[   26.487995] cloud-init         Starting Availability of block devices...
[[0;32m  OK  [0m] Reached target Cloud-config availability.
[[0;32m  OK  [0m] Reached target System Initialization.
[[0;32m  OK  [0m] Started ACPI Events Check.
[[0;32m  OK  [0m] Started Daily apt download activities.
[[0;32m  OK  [0m] Started Daily apt upgrade and clean activities.
[[0;32m  OK  [0m] Started Discard unused blocks once a week.
[[0;32m  OK  [0m] Started Message of the Day.
         Starting LXD - unix socket.
[[0;32m  OK  [0m] Started Daily Cleanup of Temporary Directories.
[[0;32m  OK  [0m] Reached target Timers.
         Starting Socket activation for snappy daemon.
[[0;32m  OK  [0m] Listening on ACPID Listen Socket.
[631]: |      . ... . . .|[[0;32m  OK  [0m] Listening on UUID daemon activation socket.
[[0;32m  OK  [0m] Listening on D-Bus System Message Bus Socket.
[[0;32m  OK  [0m] Listening on Open-iSCSI iscsid Socket.
[[0;32m  OK  [0m] Reached target Paths.
[[0;32m  OK  [0m] Started Availability of block devices.
[[0;32m  OK  [0m] Listening on LXD - unix socket.
[[0;32m  OK  [0m] Listening on Socket activation for snappy daemon.
[[0;32m  OK  [0m] Reached target Sockets.
[[0;32m  OK  [0m] Reached target Basic System.
         Starting Virtualbox guest utils...
         Starting Dispatcher daemon for systemd-networkd...

         Starting Accounts Service...
         Starting LSB: Record successful boot for GRUB...
[[0;32m  OK  [0m] Started Deferred execution scheduler.
         Starting Permit User Sessions...
[   26.593039] cloud-init[631]: |       o.o   o o.|
         Starting Pollinate to seed the pseudo random number generator...
[   26.613324] cloud-init[631]: |       .=   + *o.|
[   26.624755] cloud-init[631]: |        .o.o.*+B=|
[   26.634919] cloud-init[631]: +----[SHA256]-----+
[   26.662625] cloud-init[[0;32m  OK  [0m] Started Regular background program processing daemon.
[[0;32m  OK  [0m] Started D-Bus System Message Bus.
[631]: Generating public/private dsa key pair.
[   26.683348] cloud-init[631]: Your identification has been saved in /etc/ssh/ssh_host_dsa_key.
[   26.719186] cloud-init[631]: Your public key has been saved in /etc/ssh/ssh_host_dsa_key.pub.
[   26.734605] cloud-init[631]: The key fingerprint is:
[   26.749754] cloud-init[631]: SHA256:mdDFTJ77DnU5daRZG5YB9DvYbhW9PZcfH9l11ooq6g8 root@ubuntu-bionic
[   26.766034] cloud-init[631]: The key's randomart image is:
[   26.781935] cloud-init[631]: +---[DSA 1024]----+
[   26.793296] cloud-init[631]: |         +o .o.+=|
[   26.803752] cloud-init[631]: |       . oo.  o*=|
[   26.811347] cloud-init[631]: |      . . o   o+O|
[   26.819950] cloud-init[631]: |       . o . .o=%|
[   26.833077] cloud-init[631]: |        S . o.=@=|
[   26.851655]          Starting LSB: automatic crash report generation...
[[0;32m  OK  [0m] Started FUSE filesystem for LXC.
cloud-init[631]: |           + ...X|
[   26.877800] cloud-init[631]: |      E . o .  oo|[[0;32m  OK  [0m] Started irqbalance daemon.

[   26.893340] cloud-init[631]: |       o . o  .  |
[   26.903777] cloud-init[631]: |     .o..   .    |
[   26.916104] cloud-init[631]: +----[SHA256]-----+
[   26.934674] cloud-init[631]: Generating public/private ecdsa key pair.
[   26.946422] cloud-init[631]: Your identification has been saved in /etc/ssh/ssh_host_ecdsa_key.         Starting Snap Daemon...
         Starting System Logging Service...

[   26.981122]          Starting Login Service...
         Starting LXD - container startup/shutdown...
[[0;32m  OK  [0m] Started Permit User Sessions.
cloud-init[631]: Your public key has been saved in /etc/ssh/ssh_host_ecdsa_key.pub.
[   27.103766] cloud-init[631]: The key fingerprint is:
[   27.152722] cloud-init[631]: SHA256:n2EVQRG7bbvyFzBU62uxqp61IP2eauewGZ5SuddFjtc root@ubuntu-bionic
[   27.180169] cloud-init[631]: The key's randomart image is:
[[0;32m  OK  [0m] Started System Logging Service.
[   27.209143]          Starting Authorization Manager...
         Starting Terminate Plymouth Boot Screen...
         Starting Hold until boot process finishes up...
cloud-init[631]: +---[ECDSA 256]---+
[[0;32m  OK  [0m] Started Hold until boot process finishes up.
[[0;32m  OK  [0m] Started Terminate Plymouth Boot Screen.
[   27.305673] cloud-init[631]: |           .*+.. |
[[0;32m  OK  [0m] Started Serial Getty on ttyS0.
         Starting Set console scheme...
[   27.502083] cloud-init[631]: |             +  .|
[   27.518079] cloud-init[631]: |            +  . |
[   27.526926] cloud-init[631]: |           . =. .|
[   27.530219] cloud-init[631]: |        S o o =*.|
[   27.533235] cloud-init[631]: |         o.= ..oE|
[   27.536802] cloud-init[631]: |         .+=..o=o|
[   27.545157] cloud-init[631]: |         .oo%o=o.|
[   27.548599] cloud-init[631]: |          +XBXo. |
[   27.554129] cloud-init[631]: +----[SHA256]-----+
[   27.564418] cloud-init[631]: Generating public/private ed25519 key pair.
[   27.569508] cloud-init[631]: Your identification has been saved in /etc/ssh/ssh_host_ed25519_key.
[   27.579855] cloud-init[631]: Your public key has been saved in /etc/ssh/ssh_host_ed25519_key.pub.
[   27.584955] cloud-init[631]: The key fingerprint is:
[   27.591151] cloud-init[631]: SHA256:jhu+zE83xOctNaWArjj+8cILqfTYqdPtgDnlfOkq3MI root@ubuntu-bionic
[   27.596670] cloud-init[631]: The key's randomart image is:
[   27.599895] cloud-init[631]: +--[ED25519 256]--+
[   27.603589] cloud-init[631]: |                 |
[   27.610831] cloud-init[631]: |           .     |
[   27.614118] cloud-init[631]: |          . .   .|
[   27.617247] cloud-init[631]: |         o   . o |
[   27.621359] cloud-init[631]: |      . S + . +  |
[[0;32m  OK  [0m] Started Login Service.
[   27.638063] cloud-init[631]: |     * = + o o . |
[   27.665311] cloud-init[631]: |   o=o@oB o o .  |
[   27.681116] cloud-init[631]: |   .E@o@++ . .   |
[[0;32m  OK  [0m] Started Unattended Upgrades Shutdown.
[[0;32m  OK  [0m] Started LSB: Record successful boot for GRUB.
[[0;32m  OK  [0m] Started LSB: automatic crash report generation.
[[0;32m  OK  [0m] Started Set console scheme.
[[0;32m  OK  [0m] Created slice system-getty.slice.
[[0;32m  OK  [0m] Started Getty on tty1.
[[0;32m  OK  [0m] Reached target Login Prompts.
[   27.743508] cloud-init[631]: |    +=%**o.      |
[   27.787215] cloud-init[631]: +----[SHA256]-----+
[[0;32m  OK  [0m] Started Authorization Manager.
[[0;32m  OK  [0m] Started Accounts Service.
[[0;32m  OK  [0m] Started Virtualbox guest utils.
[[0;32m  OK  [0m] Started LXD - container startup/shutdown.
[[0;32m  OK  [0m] Started Dispatcher daemon for systemd-networkd.
[[0;32m  OK  [0m] Started Snap Daemon.
         Starting Wait until snapd is fully seeded...
[[0;1;31mFAILED[0m] Failed to start Wait until snapd is fully seeded.
See 'systemctl status snapd.seeded.service' for details.
         Starting Apply the settings specified in cloud-config...
[[0;32m  OK  [0m] Started Pollinate to seed the pseudo random number generator.
         Starting OpenBSD Secure Shell server...
[[0;32m  OK  [0m] Started OpenBSD Secure Shell server.
[[0;32m  OK  [0m] Reached target Multi-User System.
[[0;32m  OK  [0m] Reached target Graphical Interface.
         Starting Update UTMP about System Runlevel Changes...
[[0;32m  OK  [0m] Started Update UTMP about System Runlevel Changes.
[[0;32m  OK  [0m] Created slice User Slice of vagrant.
         Starting User Manager for UID 1000...
[[0;32m  OK  [0m] Started Session 1 of user vagrant.
[[0;32m  OK  [0m] Started User Manager for UID 1000.
[   32.788149] cloud-init[957]: Cloud-init v. 20.2-45-g5f7825e2-0ubuntu1~18.04.1 running 'modules:config' at Sun, 13 Sep 2020 16:06:01 +0000. Up 30.92 seconds.

Ubuntu 18.04.5 LTS ubuntu-bionic ttyS0

ubuntu-bionic login: ci-info: no authorized SSH keys fingerprints found for user ubuntu.
<14>Sep 13 16:06:04 ec2: 
<14>Sep 13 16:06:04 ec2: #############################################################
<14>Sep 13 16:06:04 ec2: -----BEGIN SSH HOST KEY FINGERPRINTS-----
<14>Sep 13 16:06:04 ec2: 1024 SHA256:mdDFTJ77DnU5daRZG5YB9DvYbhW9PZcfH9l11ooq6g8 root@ubuntu-bionic (DSA)
<14>Sep 13 16:06:04 ec2: 256 SHA256:n2EVQRG7bbvyFzBU62uxqp61IP2eauewGZ5SuddFjtc root@ubuntu-bionic (ECDSA)
<14>Sep 13 16:06:04 ec2: 256 SHA256:jhu+zE83xOctNaWArjj+8cILqfTYqdPtgDnlfOkq3MI root@ubuntu-bionic (ED25519)
<14>Sep 13 16:06:04 ec2: 2048 SHA256:65MFC1Oywo1Zj9Lw+/x382hq879W8i4MdNyGV1kSVFk root@ubuntu-bionic (RSA)
<14>Sep 13 16:06:04 ec2: -----END SSH HOST KEY FINGERPRINTS-----
<14>Sep 13 16:06:04 ec2: #############################################################
-----BEGIN SSH HOST KEY KEYS-----
ecdsa-sha2-nistp256 AAAAE2VjZHNhLXNoYTItbmlzdHAyNTYAAAAIbmlzdHAyNTYAAABBBPzEwRNH7SoOhaBh43AJaQ0men8Ke8lCQzMK4HGKR5iredyXSqRdXgQf4RXOMVOkLVY0dMsEZn1Q5oQSdZUGF6I= root@ubuntu-bionic
ssh-ed25519 AAAAC3NzaC1lZDI1NTE5AAAAIDFBsFF0wpdNoHerqzgD+DkYBhseJ8I/eGo2Ev0gtgTk root@ubuntu-bionic
ssh-rsa AAAAB3NzaC1yc2EAAAADAQABAAABAQDRIxlDEWaIIsFjy6Ds1apBawV1Ke+X89QznDpqt03wQqIjdjseI9v8ZKQTCGz4RQCizU4AbjEuj9Uv2RVf5sCp6Gus8jwMxzAjEf1wcVRmVwbSIri1Nb+fxI0dTypiOLQBuIKWnPmAw6uOpNaeLiUXml3XP4P6rqZ/7Eys+2rWh23YrLdSuZC2r4JijWAQCKBojfBW+kyeIakwbk33m6tte1ZAfMdiEIPtbgXh27y2Ch7EZirykVczGRe8ZP2jT6SOsoVaUCcwxdamFJXGCFQq3mv0VDVGDiHokzaDOj9LJuyE5hr1fk0X4mzhQbI73wuIdGcDxZeIHC+34cqLlr57 root@ubuntu-bionic
-----END SSH HOST KEY KEYS-----
[   34.178721] cloud-init[1083]: Cloud-init v. 20.2-45-g5f7825e2-0ubuntu1~18.04.1 running 'modules:final' at Sun, 13 Sep 2020 16:06:03 +0000. Up 33.74 seconds.
[   34.206725] cloud-init[1083]: ci-info: no authorized SSH keys fingerprints found for user ubuntu.
[   34.258239] cloud-init[1083]: Cloud-init v. 20.2-45-g5f7825e2-0ubuntu1~18.04.1 finished at Sun, 13 Sep 2020 16:06:04 +0000. Datasource DataSourceNoCloud [seed=/dev/sdb][dsmode=net].  Up 34.15 seconds
[[0;32m  OK  [0m] Stopped target Host and Network Name Lookups.
[[0;32m  OK  [0m] Stopped target Timers.
[[0;32m  OK  [0m] Stopped Message of the Day.
[[0;32m  OK  [0m] Stopped target Graphical Interface.
[[0;32m  OK  [0m] Stopped Daily apt upgrade and clean activities.
         Stopping Availability of block devices...
[[0;32m  OK  [0m] Stopped Daily Cleanup of Temporary Directories.
[[0;32m  OK  [0m] Stopped target Cloud-init target.
[[0;32m  OK  [0m] Stopped Daily apt download activities.
[[0;32m  OK  [0m] Stopped Discard unused blocks once a week.
         Stopping User Manager for UID 1000...
[[0;32m  OK  [0m] Closed Load/Save RF Kill Switch Status /dev/rfkill Watch.
         Stopping Session 5 of user vagrant.
[[0;32m  OK  [0m] Stopped target System Time Synchronized.
         Stopping Accounts Service...
         Stopping Authorization Manager...
[[0;32m  OK  [0m] Stopped Execute cloud user/final scripts.
[[0;32m  OK  [0m] Stopped target Multi-User System.
         Stopping Regular background program processing daemon...
         Stopping LSB: Record successful boot for GRUB...
         Stopping Deferred execution scheduler...
         Stopping irqbalance daemon...
         Stopping FUSE filesystem for LXC...
         Stopping System Logging Service...
         Stopping LXD - container startup/shutdown...
         Stopping Virtualbox guest utils...
         Stopping OpenBSD Secure Shell server...
         Stopping LSB: automatic crash report generation...
[[0;32m  OK  [0m] Stopped target Login Prompts.
         Stopping Getty on tty1...
         Stopping Serial Getty on ttyS0...
         Stopping D-Bus System Message Bus...
         Stopping Dispatcher daemon for systemd-networkd...
[[0;32m  OK  [0m] Stopped Apply the settings specified in cloud-config.
[[0;32m  OK  [0m] Stopped target Network is Online.
[[0;32m  OK  [0m] Stopped target Cloud-config availability.
[[0;32m  OK  [0m] Unmounted /var/lib/lxcfs.
[[0;32m  OK  [0m] Stopped Dispatcher daemon for systemd-networkd.
[[0;32m  OK  [0m] Stopped Accounts Service.
[[0;32m  OK  [0m] Stopped Deferred execution scheduler.
[[0;32m  OK  [0m] Stopped Regular background program processing daemon.
[[0;32m  OK  [0m] Stopped irqbalance daemon.
[[0;32m  OK  [0m] Stopped System Logging Service.
[[0;32m  OK  [0m] Stopped Authorization Manager.
[[0;32m  OK  [0m] Stopped Serial Getty on ttyS0.
[[0;32m  OK  [0m] Stopped Getty on tty1.
[[0;32m  OK  [0m] Stopped OpenBSD Secure Shell server.
[[0;32m  OK  [0m] Stopped User Manager for UID 1000.
[[0;32m  OK  [0m] Stopped Availability of block devices.
[[0;32m  OK  [0m] Stopped D-Bus System Message Bus.
[[0;32m  OK  [0m] Stopped FUSE filesystem for LXC.
[[0;32m  OK  [0m] Stopped Session 5 of user vagrant.
[[0;32m  OK  [0m] Stopped LXD - container startup/shutdown.
[[0;32m  OK  [0m] Stopped LSB: Record successful boot for GRUB.
[[0;32m  OK  [0m] Removed slice User Slice of vagrant.
         Stopping Login Service...
[[0;32m  OK  [0m] Removed slice system-getty.slice.
[[0;32m  OK  [0m] Removed slice system-serial\x2dgetty.slice.
         Stopping Permit User Sessions...
[[0;32m  OK  [0m] Stopped Virtualbox guest utils.
[[0;32m  OK  [0m] Stopped Login Service.
[[0;32m  OK  [0m] Stopped LSB: automatic crash report generation.
[[0;32m  OK  [0m] Stopped Permit User Sessions.
[[0;32m  OK  [0m] Stopped target Network.
         Stopping Network Name Resolution...
[[0;32m  OK  [0m] Stopped target Remote File Systems.
[[0;32m  OK  [0m] Stopped target Remote File Systems (Pre).
[[0;32m  OK  [0m] Stopped target User and Group Name Lookups.
[[0;32m  OK  [0m] Stopped target Basic System.
[[0;32m  OK  [0m] Stopped target Slices.
[[0;32m  OK  [0m] Removed slice User and Session Slice.
[[0;32m  OK  [0m] Stopped target Sockets.
[[0;32m  OK  [0m] Closed UUID daemon activation socket.
[[0;32m  OK  [0m] Closed Socket activation for snappy daemon.
[[0;32m  OK  [0m] Closed Syslog Socket.
[[0;32m  OK  [0m] Closed ACPID Listen Socket.
[[0;32m  OK  [0m] Closed LXD - unix socket.
[[0;32m  OK  [0m] Closed Open-iSCSI iscsid Socket.
[[0;32m  OK  [0m] Closed D-Bus System Message Bus Socket.
[[0;32m  OK  [0m] Stopped target Paths.
[[0;32m  OK  [0m] Stopped ACPI Events Check.
[[0;32m  OK  [0m] Stopped target System Initialization.
[[0;32m  OK  [0m] Stopped Initial cloud-init job (metadata service crawler).
         Stopping Load/Save Random Seed...
[[0;32m  OK  [0m] Stopped target Local Encrypted Volumes.
[[0;32m  OK  [0m] Stopped Forward Password Requests to Wall Directory Watch.
[[0;32m  OK  [0m] Stopped Dispatch Password Requests to Console Directory Watch.
         Stopping Update UTMP about System Boot/Shutdown...
[[0;32m  OK  [0m] Stopped Commit a transient machine-id on disk.
[[0;32m  OK  [0m] Stopped Network Name Resolution.
[[0;32m  OK  [0m] Stopped Load/Save Random Seed.
         Stopping Network Service...
[[0;32m  OK  [0m] Stopped Update UTMP about System Boot/Shutdown.
[[0;32m  OK  [0m] Stopped Create Volatile Files and Directories.
[[0;32m  OK  [0m] Stopped target Local File Systems.
         Unmounting /configs...
         Unmounting /run/user/1000...
[[0;32m  OK  [0m] Unmounted /run/user/1000.
[[0;32m  OK  [0m] Unmounted /configs.
[[0;32m  OK  [0m] Reached target Unmount All Filesystems.
[[0;32m  OK  [0m] Stopped target Local File Systems (Pre).
[[0;32m  OK  [0m] Stopped Create Static Device Nodes in /dev.
         Stopping Monitoring of LVM2 mirrors…ng dmeventd or progress polling...
[[0;32m  OK  [0m] Stopped target Swap.
[[0;32m  OK  [0m] Stopped Network Service.
[[0;32m  OK  [0m] Stopped Monitoring of LVM2 mirrors,…sing dmeventd or progress polling.
         Stopping LVM2 metadata daemon...
[[0;32m  OK  [0m] Stopped target Network (Pre).
[[0;32m  OK  [0m] Stopped Initial cloud-init job (pre-networking).
[[0;32m  OK  [0m] Stopped Remount Root and Kernel File Systems.
[[0;32m  OK  [0m] Stopped Apply Kernel Variables.
[[0;32m  OK  [0m] Stopped Load Kernel Modules.
[[0;32m  OK  [0m] Reached target Shutdown.
[[0;32m  OK  [0m] Reached target Final Step.
         Starting Power-Off...
[[0;32m  OK  [0m] Stopped LVM2 metadata daemon.
[   68.178449] reboot: Power down
